<?xml version="1.0" encoding="UTF-8"?>
<!-- Generated by org.testng.reporters.JUnitReportReporter -->
<testsuite hostname="dac-39" failures="0" tests="2" name="swtest.TestLogin" time="55.411" errors="0" timestamp="2024-12-21T14:37:10 IST" skipped="0">
  <testcase classname="swtest.TestLogin" name="testLogin" time="55.155"/>
  <testcase classname="swtest.TestLogin" name="tearDown" time="0.256"/>
</testsuite> <!-- swtest.TestLogin -->
